<?xml version="1.0" encoding="UTF-8"?>
<!-- Generated by org.testng.reporters.JUnitReportReporter -->
<testsuite skipped="0" hostname="My-PC" name="com.qa.freecrm.calendar.testcases.CalendarTestCases" tests="1" failures="0" timestamp="2020-12-30T19:35:10 IST" time="27.841" errors="0">
  <testcase name="CreateNewEventTest" time="27.841" classname="com.qa.freecrm.calendar.testcases.CalendarTestCases"/>
  <system-out/>
</testsuite> <!-- com.qa.freecrm.calendar.testcases.CalendarTestCases -->
