<?xml version="1.0" encoding="UTF-8"?>
<!-- Generated by org.testng.reporters.JUnitReportReporter -->
<testsuite skipped="0" hostname="My-PC" name="com.qa.freecrm.calendar.testcases.CalendarTestCases" tests="3" failures="0" timestamp="2020-12-25T20:20:30 IST" time="38.979" errors="0">
  <testcase name="CreateNewEventTest" time="21.963" classname="com.qa.freecrm.calendar.testcases.CalendarTestCases"/>
  <system-out/>
  <testcase name="CreateNewEventTest2" time="8.589" classname="com.qa.freecrm.calendar.testcases.CalendarTestCases"/>
  <system-out/>
  <testcase name="CreateNewEventTest3" time="8.427" classname="com.qa.freecrm.calendar.testcases.CalendarTestCases"/>
  <system-out/>
</testsuite> <!-- com.qa.freecrm.calendar.testcases.CalendarTestCases -->
