<?xml version="1.0" encoding="UTF-8"?>
<!-- Generated by org.testng.reporters.JUnitReportReporter -->
<testsuite skipped="0" hostname="My-PC" name="com.qa.freecrm.calendar.testcases.CalendarTestCases" tests="1" failures="0" timestamp="2020-12-26T12:44:26 IST" time="26.676" errors="0">
  <testcase name="CreateNewEventTest" time="26.676" classname="com.qa.freecrm.calendar.testcases.CalendarTestCases"/>
  <system-out/>
</testsuite> <!-- com.qa.freecrm.calendar.testcases.CalendarTestCases -->
