<?xml version="1.0" encoding="UTF-8"?>
<!-- Generated by org.testng.reporters.JUnitReportReporter -->
<testsuite skipped="0" hostname="My-PC" name="com.qa.freecrm.calendar.testcases.CalendarTestCases" tests="1" failures="0" timestamp="2020-12-31T13:37:41 IST" time="30.932" errors="0">
  <testcase name="CreateNewEventTest" time="30.932" classname="com.qa.freecrm.calendar.testcases.CalendarTestCases"/>
  <system-out/>
</testsuite> <!-- com.qa.freecrm.calendar.testcases.CalendarTestCases -->
