<?xml version="1.0" encoding="UTF-8"?>
<!-- Generated by org.testng.reporters.JUnitReportReporter -->
<testsuite skipped="0" hostname="My-PC" name="com.qa.AlertPopUpHandle" tests="1" failures="0" timestamp="2021-05-14T23:47:34 IST" time="25.372" errors="0">
  <testcase name="AlertTest" time="25.372" classname="com.qa.AlertPopUpHandle"/>
  <system-out/>
</testsuite> <!-- com.qa.AlertPopUpHandle -->
